<?xml version="1.0" encoding="UTF-8"?>
<!-- Generated by org.testng.reporters.JUnitReportReporter -->
<testsuite name="com.restaurants.smoke.Tests" tests="2" time="30.551" ignored="0" failures="0" timestamp="04 Apr 2017 15:47:42 GMT" skipped="0" hostname="anita-X550LD" errors="0">
  <testcase name="restaurantsSmokeTest" time="15.096" classname="com.restaurants.smoke.Tests"/>
  <testcase name="restaurantsSmokeTest" time="15.455" classname="com.restaurants.smoke.Tests"/>
</testsuite> <!-- com.restaurants.smoke.Tests -->
